<?xml version="1.0" encoding="UTF-8"?>
<!-- Generated by org.testng.reporters.JUnitReportReporter -->
<testsuite hostname="MUSBAH15-PC" name="TestNG.Assertion_Example" tests="1" failures="0" timestamp="25 Sep 2015 12:49:23 GMT" time="0.028" errors="0">
  <testcase name="testGoogleSearch" time="0.028" classname="TestNG.Assertion_Example"/>
</testsuite> <!-- TestNG.Assertion_Example -->
