<?xml version="1.0" encoding="UTF-8"?>
<!-- Generated by org.testng.reporters.JUnitReportReporter -->
<testsuite hostname="MUSBAH15-PC" name="TestNG.Seleniumweb1" tests="1" failures="0" timestamp="26 Oct 2015 07:08:16 GMT" time="5.596" errors="0">
  <testcase name="launchbrowser" time="5.596" classname="TestNG.Seleniumweb1"/>
</testsuite> <!-- TestNG.Seleniumweb1 -->
