<?xml version="1.0" encoding="UTF-8"?>
<!-- Generated by org.testng.reporters.JUnitReportReporter -->
<testsuite hostname="MUSBAH15-PC" name="TestNG.Seleniumweb10" tests="1" failures="0" timestamp="14 Oct 2015 11:46:29 GMT" time="5.159" errors="0">
  <testcase name="ChromebrowserLogin" time="5.159" classname="TestNG.Seleniumweb10"/>
</testsuite> <!-- TestNG.Seleniumweb10 -->
