<?xml version="1.0" encoding="UTF-8"?>
<!-- Generated by org.testng.reporters.JUnitReportReporter -->
<testsuite hostname="MUSBAH15-PC" name="TestNG.Gmail_TestNG" tests="2" failures="0" timestamp="7 Jan 2016 13:33:43 GMT" time="10.303" errors="0">
  <testcase name="testLogin" time="4.831" classname="TestNG.Gmail_TestNG"/>
  <testcase name="testRegister" time="5.472" classname="TestNG.Gmail_TestNG"/>
</testsuite> <!-- TestNG.Gmail_TestNG -->
