<?xml version="1.0" encoding="UTF-8"?>
<!-- Generated by org.testng.reporters.JUnitReportReporter -->
<testsuite hostname="MUSBAH15-PC" name="selenium.Assertion_Example" tests="1" failures="0" timestamp="22 Oct 2015 04:37:09 GMT" time="0.023" errors="0">
  <testcase name="testGoogleSearch" time="0.023" classname="selenium.Assertion_Example"/>
</testsuite> <!-- selenium.Assertion_Example -->
